  Application.cpp
  PlayGameState.cpp
C:\Program Files (x86)\Windows Kits\10\Include\10.0.18362.0\shared\minwindef.h(130,1): warning C4005: 'APIENTRY': macro redefinition
C:\Users\tanyo\Y2S1_2DGAME_A02\NYP_Framework_Week16_SOLUTION\glfw\include\GLFW\glfw3.h(98): message : see previous definition of 'APIENTRY'
  Bomb2D.cpp
C:\Users\tanyo\Y2S1_2DGAME_A02\NYP_Framework_Week16_SOLUTION\App\Source\Scene2D\Bomb2D.h(54,24): error C2039: 'GRAVITY_DIRECTION': is not a member of 'CPhysics2D'
C:\Users\tanyo\Y2S1_2DGAME_A02\NYP_Framework_Week16_SOLUTION\App\Source\Scene2D\Physics2D.h(12): message : see declaration of 'CPhysics2D'
C:\Users\tanyo\Y2S1_2DGAME_A02\NYP_Framework_Week16_SOLUTION\App\Source\Scene2D\Bomb2D.h(54,42): error C2061: syntax error: identifier 'GRAVITY_DIRECTION'
C:\Users\tanyo\Y2S1_2DGAME_A02\NYP_Framework_Week16_SOLUTION\App\Source\Scene2D\Bomb2D.h(107,30): error C2039: 'DIRECTION': is not a member of 'CPhysics2D'
C:\Users\tanyo\Y2S1_2DGAME_A02\NYP_Framework_Week16_SOLUTION\App\Source\Scene2D\Physics2D.h(12): message : see declaration of 'CPhysics2D'
C:\Users\tanyo\Y2S1_2DGAME_A02\NYP_Framework_Week16_SOLUTION\App\Source\Scene2D\Bomb2D.h(107,40): error C2061: syntax error: identifier 'DIRECTION'
C:\Users\tanyo\Y2S1_2DGAME_A02\NYP_Framework_Week16_SOLUTION\App\Source\Scene2D\Bomb2D.h(110,33): error C2039: 'DIRECTION': is not a member of 'CPhysics2D'
C:\Users\tanyo\Y2S1_2DGAME_A02\NYP_Framework_Week16_SOLUTION\App\Source\Scene2D\Physics2D.h(12): message : see declaration of 'CPhysics2D'
C:\Users\tanyo\Y2S1_2DGAME_A02\NYP_Framework_Week16_SOLUTION\App\Source\Scene2D\Bomb2D.h(110,43): error C2061: syntax error: identifier 'DIRECTION'
C:\Users\tanyo\Y2S1_2DGAME_A02\NYP_Framework_Week16_SOLUTION\App\Source\Scene2D\Bomb2D.cpp(36,2): error C2065: 'name': undeclared identifier
C:\Users\tanyo\Y2S1_2DGAME_A02\NYP_Framework_Week16_SOLUTION\App\Source\Scene2D\Bomb2D.cpp(63,32): error C2039: 'GRAVITY_DIRECTION': is not a member of 'CPhysics2D'
C:\Users\tanyo\Y2S1_2DGAME_A02\NYP_Framework_Week16_SOLUTION\App\Source\Scene2D\Physics2D.h(12): message : see declaration of 'CPhysics2D'
C:\Users\tanyo\Y2S1_2DGAME_A02\NYP_Framework_Week16_SOLUTION\App\Source\Scene2D\Bomb2D.cpp(63,50): error C2065: 'GRAVITY_DIRECTION': undeclared identifier
C:\Users\tanyo\Y2S1_2DGAME_A02\NYP_Framework_Week16_SOLUTION\App\Source\Scene2D\Bomb2D.cpp(63,50): error C2146: syntax error: missing ')' before identifier 'dir'
C:\Users\tanyo\Y2S1_2DGAME_A02\NYP_Framework_Week16_SOLUTION\App\Source\Scene2D\Bomb2D.cpp(64,1): error C2143: syntax error: missing ';' before '{'
C:\Users\tanyo\Y2S1_2DGAME_A02\NYP_Framework_Week16_SOLUTION\App\Source\Scene2D\Bomb2D.cpp(64,1): error C2447: '{': missing function header (old-style formal list?)
C:\Users\tanyo\Y2S1_2DGAME_A02\NYP_Framework_Week16_SOLUTION\App\Source\Scene2D\Bomb2D.cpp(132,6): error C2039: 'GetGravityDirection': is not a member of 'CPhysics2D'
C:\Users\tanyo\Y2S1_2DGAME_A02\NYP_Framework_Week16_SOLUTION\App\Source\Scene2D\Physics2D.h(12): message : see declaration of 'CPhysics2D'
C:\Users\tanyo\Y2S1_2DGAME_A02\NYP_Framework_Week16_SOLUTION\App\Source\Scene2D\Bomb2D.cpp(132,55): error C2039: 'GRAVITY_UP': is not a member of 'CPhysics2D'
C:\Users\tanyo\Y2S1_2DGAME_A02\NYP_Framework_Week16_SOLUTION\App\Source\Scene2D\Physics2D.h(12): message : see declaration of 'CPhysics2D'
C:\Users\tanyo\Y2S1_2DGAME_A02\NYP_Framework_Week16_SOLUTION\App\Source\Scene2D\Bomb2D.cpp(132,6): error C2065: 'GRAVITY_UP': undeclared identifier
C:\Users\tanyo\Y2S1_2DGAME_A02\NYP_Framework_Week16_SOLUTION\App\Source\Scene2D\Bomb2D.cpp(132,117): error C2039: 'GRAVITY_DOWN': is not a member of 'CPhysics2D'
C:\Users\tanyo\Y2S1_2DGAME_A02\NYP_Framework_Week16_SOLUTION\App\Source\Scene2D\Physics2D.h(12): message : see declaration of 'CPhysics2D'
C:\Users\tanyo\Y2S1_2DGAME_A02\NYP_Framework_Week16_SOLUTION\App\Source\Scene2D\Bomb2D.cpp(132,129): error C2065: 'GRAVITY_DOWN': undeclared identifier
C:\Users\tanyo\Y2S1_2DGAME_A02\NYP_Framework_Week16_SOLUTION\App\Source\Scene2D\Bomb2D.cpp(150,52): error C2039: 'GetRelativeDirVector': is not a member of 'CPhysics2D'
C:\Users\tanyo\Y2S1_2DGAME_A02\NYP_Framework_Week16_SOLUTION\App\Source\Scene2D\Physics2D.h(12): message : see declaration of 'CPhysics2D'
C:\Users\tanyo\Y2S1_2DGAME_A02\NYP_Framework_Week16_SOLUTION\App\Source\Scene2D\Bomb2D.cpp(150,65): error C3083: 'DIRECTION': the symbol to the left of a '::' must be a type
C:\Users\tanyo\Y2S1_2DGAME_A02\NYP_Framework_Week16_SOLUTION\App\Source\Scene2D\Bomb2D.cpp(150,76): error C2039: 'UP': is not a member of 'CPhysics2D'
C:\Users\tanyo\Y2S1_2DGAME_A02\NYP_Framework_Week16_SOLUTION\App\Source\Scene2D\Physics2D.h(12): message : see declaration of 'CPhysics2D'
C:\Users\tanyo\Y2S1_2DGAME_A02\NYP_Framework_Week16_SOLUTION\App\Source\Scene2D\Bomb2D.cpp(150,78): error C2065: 'UP': undeclared identifier
C:\Users\tanyo\Y2S1_2DGAME_A02\NYP_Framework_Week16_SOLUTION\App\Source\Scene2D\Bomb2D.cpp(153,27): error C3083: 'DIRECTION': the symbol to the left of a '::' must be a type
C:\Users\tanyo\Y2S1_2DGAME_A02\NYP_Framework_Week16_SOLUTION\App\Source\Scene2D\Bomb2D.cpp(153,38): error C2039: 'DOWN': is not a member of 'CPhysics2D'
C:\Users\tanyo\Y2S1_2DGAME_A02\NYP_Framework_Week16_SOLUTION\App\Source\Scene2D\Physics2D.h(12): message : see declaration of 'CPhysics2D'
C:\Users\tanyo\Y2S1_2DGAME_A02\NYP_Framework_Week16_SOLUTION\App\Source\Scene2D\Bomb2D.cpp(153,42): error C2065: 'DOWN': undeclared identifier
C:\Users\tanyo\Y2S1_2DGAME_A02\NYP_Framework_Week16_SOLUTION\App\Source\Scene2D\Bomb2D.cpp(160,7): error C2039: 'GetGravityDirection': is not a member of 'CPhysics2D'
C:\Users\tanyo\Y2S1_2DGAME_A02\NYP_Framework_Week16_SOLUTION\App\Source\Scene2D\Physics2D.h(12): message : see declaration of 'CPhysics2D'
C:\Users\tanyo\Y2S1_2DGAME_A02\NYP_Framework_Week16_SOLUTION\App\Source\Scene2D\Bomb2D.cpp(160,56): error C2039: 'GRAVITY_UP': is not a member of 'CPhysics2D'
C:\Users\tanyo\Y2S1_2DGAME_A02\NYP_Framework_Week16_SOLUTION\App\Source\Scene2D\Physics2D.h(12): message : see declaration of 'CPhysics2D'
C:\Users\tanyo\Y2S1_2DGAME_A02\NYP_Framework_Week16_SOLUTION\App\Source\Scene2D\Bomb2D.cpp(160,66): error C2065: 'GRAVITY_UP': undeclared identifier
C:\Users\tanyo\Y2S1_2DGAME_A02\NYP_Framework_Week16_SOLUTION\App\Source\Scene2D\Bomb2D.cpp(169,36): error C3083: 'DIRECTION': the symbol to the left of a '::' must be a type
C:\Users\tanyo\Y2S1_2DGAME_A02\NYP_Framework_Week16_SOLUTION\App\Source\Scene2D\Bomb2D.cpp(169,47): error C2039: 'DOWN': is not a member of 'CPhysics2D'
C:\Users\tanyo\Y2S1_2DGAME_A02\NYP_Framework_Week16_SOLUTION\App\Source\Scene2D\Physics2D.h(12): message : see declaration of 'CPhysics2D'
C:\Users\tanyo\Y2S1_2DGAME_A02\NYP_Framework_Week16_SOLUTION\App\Source\Scene2D\Bomb2D.cpp(169,9): error C2065: 'DOWN': undeclared identifier
C:\Users\tanyo\Y2S1_2DGAME_A02\NYP_Framework_Week16_SOLUTION\App\Source\Scene2D\Bomb2D.cpp(183,36): error C3083: 'DIRECTION': the symbol to the left of a '::' must be a type
C:\Users\tanyo\Y2S1_2DGAME_A02\NYP_Framework_Week16_SOLUTION\App\Source\Scene2D\Bomb2D.cpp(183,47): error C2039: 'DOWN': is not a member of 'CPhysics2D'
C:\Users\tanyo\Y2S1_2DGAME_A02\NYP_Framework_Week16_SOLUTION\App\Source\Scene2D\Physics2D.h(12): message : see declaration of 'CPhysics2D'
C:\Users\tanyo\Y2S1_2DGAME_A02\NYP_Framework_Week16_SOLUTION\App\Source\Scene2D\Bomb2D.cpp(183,9): error C2065: 'DOWN': undeclared identifier
C:\Users\tanyo\Y2S1_2DGAME_A02\NYP_Framework_Week16_SOLUTION\App\Source\Scene2D\Bomb2D.cpp(191,11): error C2039: 'GetGravityDirection': is not a member of 'CPhysics2D'
C:\Users\tanyo\Y2S1_2DGAME_A02\NYP_Framework_Week16_SOLUTION\App\Source\Scene2D\Physics2D.h(12): message : see declaration of 'CPhysics2D'
C:\Users\tanyo\Y2S1_2DGAME_A02\NYP_Framework_Week16_SOLUTION\App\Source\Scene2D\Bomb2D.cpp(191,60): error C2039: 'GRAVITY_LEFT': is not a member of 'CPhysics2D'
C:\Users\tanyo\Y2S1_2DGAME_A02\NYP_Framework_Week16_SOLUTION\App\Source\Scene2D\Physics2D.h(12): message : see declaration of 'CPhysics2D'
C:\Users\tanyo\Y2S1_2DGAME_A02\NYP_Framework_Week16_SOLUTION\App\Source\Scene2D\Bomb2D.cpp(191,11): error C2065: 'GRAVITY_LEFT': undeclared identifier
C:\Users\tanyo\Y2S1_2DGAME_A02\NYP_Framework_Week16_SOLUTION\App\Source\Scene2D\Bomb2D.cpp(191,124): error C2039: 'GRAVITY_RIGHT': is not a member of 'CPhysics2D'
C:\Users\tanyo\Y2S1_2DGAME_A02\NYP_Framework_Week16_SOLUTION\App\Source\Scene2D\Physics2D.h(12): message : see declaration of 'CPhysics2D'
C:\Users\tanyo\Y2S1_2DGAME_A02\NYP_Framework_Week16_SOLUTION\App\Source\Scene2D\Bomb2D.cpp(191,137): error C2065: 'GRAVITY_RIGHT': undeclared identifier
C:\Users\tanyo\Y2S1_2DGAME_A02\NYP_Framework_Week16_SOLUTION\App\Source\Scene2D\Bomb2D.cpp(209,52): error C2039: 'GetRelativeDirVector': is not a member of 'CPhysics2D'
C:\Users\tanyo\Y2S1_2DGAME_A02\NYP_Framework_Week16_SOLUTION\App\Source\Scene2D\Physics2D.h(12): message : see declaration of 'CPhysics2D'
C:\Users\tanyo\Y2S1_2DGAME_A02\NYP_Framework_Week16_SOLUTION\App\Source\Scene2D\Bomb2D.cpp(209,65): error C3083: 'DIRECTION': the symbol to the left of a '::' must be a type
C:\Users\tanyo\Y2S1_2DGAME_A02\NYP_Framework_Week16_SOLUTION\App\Source\Scene2D\Bomb2D.cpp(209,76): error C2039: 'UP': is not a member of 'CPhysics2D'
C:\Users\tanyo\Y2S1_2DGAME_A02\NYP_Framework_Week16_SOLUTION\App\Source\Scene2D\Physics2D.h(12): message : see declaration of 'CPhysics2D'
C:\Users\tanyo\Y2S1_2DGAME_A02\NYP_Framework_Week16_SOLUTION\App\Source\Scene2D\Bomb2D.cpp(209,78): error C2065: 'UP': undeclared identifier
C:\Users\tanyo\Y2S1_2DGAME_A02\NYP_Framework_Week16_SOLUTION\App\Source\Scene2D\Bomb2D.cpp(212,27): error C3083: 'DIRECTION': the symbol to the left of a '::' must be a type
C:\Users\tanyo\Y2S1_2DGAME_A02\NYP_Framework_Week16_SOLUTION\App\Source\Scene2D\Bomb2D.cpp(212,38): error C2039: 'DOWN': is not a member of 'CPhysics2D'
C:\Users\tanyo\Y2S1_2DGAME_A02\NYP_Framework_Week16_SOLUTION\App\Source\Scene2D\Physics2D.h(12): message : see declaration of 'CPhysics2D'
C:\Users\tanyo\Y2S1_2DGAME_A02\NYP_Framework_Week16_SOLUTION\App\Source\Scene2D\Bomb2D.cpp(212,42): error C2065: 'DOWN': undeclared identifier
C:\Users\tanyo\Y2S1_2DGAME_A02\NYP_Framework_Week16_SOLUTION\App\Source\Scene2D\Bomb2D.cpp(219,7): error C2039: 'GetGravityDirection': is not a member of 'CPhysics2D'
C:\Users\tanyo\Y2S1_2DGAME_A02\NYP_Framework_Week16_SOLUTION\App\Source\Scene2D\Physics2D.h(12): message : see declaration of 'CPhysics2D'
C:\Users\tanyo\Y2S1_2DGAME_A02\NYP_Framework_Week16_SOLUTION\App\Source\Scene2D\Bomb2D.cpp(219,56): error C2039: 'GRAVITY_RIGHT': is not a member of 'CPhysics2D'
C:\Users\tanyo\Y2S1_2DGAME_A02\NYP_Framework_Week16_SOLUTION\App\Source\Scene2D\Physics2D.h(12): message : see declaration of 'CPhysics2D'
C:\Users\tanyo\Y2S1_2DGAME_A02\NYP_Framework_Week16_SOLUTION\App\Source\Scene2D\Bomb2D.cpp(219,69): error C2065: 'GRAVITY_RIGHT': undeclared identifier
C:\Users\tanyo\Y2S1_2DGAME_A02\NYP_Framework_Week16_SOLUTION\App\Source\Scene2D\Bomb2D.cpp(228,36): error C3083: 'DIRECTION': the symbol to the left of a '::' must be a type
C:\Users\tanyo\Y2S1_2DGAME_A02\NYP_Framework_Week16_SOLUTION\App\Source\Scene2D\Bomb2D.cpp(228,47): error C2039: 'DOWN': is not a member of 'CPhysics2D'
C:\Users\tanyo\Y2S1_2DGAME_A02\NYP_Framework_Week16_SOLUTION\App\Source\Scene2D\Physics2D.h(12): message : see declaration of 'CPhysics2D'
C:\Users\tanyo\Y2S1_2DGAME_A02\NYP_Framework_Week16_SOLUTION\App\Source\Scene2D\Bomb2D.cpp(228,9): error C2065: 'DOWN': undeclared identifier
C:\Users\tanyo\Y2S1_2DGAME_A02\NYP_Framework_Week16_SOLUTION\App\Source\Scene2D\Bomb2D.cpp(242,36): error C3083: 'DIRECTION': the symbol to the left of a '::' must be a type
C:\Users\tanyo\Y2S1_2DGAME_A02\NYP_Framework_Week16_SOLUTION\App\Source\Scene2D\Bomb2D.cpp(242,47): error C2039: 'DOWN': is not a member of 'CPhysics2D'
C:\Users\tanyo\Y2S1_2DGAME_A02\NYP_Framework_Week16_SOLUTION\App\Source\Scene2D\Physics2D.h(12): message : see declaration of 'CPhysics2D'
C:\Users\tanyo\Y2S1_2DGAME_A02\NYP_Framework_Week16_SOLUTION\App\Source\Scene2D\Bomb2D.cpp(242,9): error C2065: 'DOWN': undeclared identifier
C:\Users\tanyo\Y2S1_2DGAME_A02\NYP_Framework_Week16_SOLUTION\App\Source\Scene2D\Bomb2D.cpp(269,38): error C2039: 'DIRECTION': is not a member of 'CPhysics2D'
C:\Users\tanyo\Y2S1_2DGAME_A02\NYP_Framework_Week16_SOLUTION\App\Source\Scene2D\Physics2D.h(12): message : see declaration of 'CPhysics2D'
C:\Users\tanyo\Y2S1_2DGAME_A02\NYP_Framework_Week16_SOLUTION\App\Source\Scene2D\Bomb2D.cpp(269,48): error C2065: 'DIRECTION': undeclared identifier
C:\Users\tanyo\Y2S1_2DGAME_A02\NYP_Framework_Week16_SOLUTION\App\Source\Scene2D\Bomb2D.cpp(269,48): error C2146: syntax error: missing ')' before identifier 'eDirection'
C:\Users\tanyo\Y2S1_2DGAME_A02\NYP_Framework_Week16_SOLUTION\App\Source\Scene2D\Bomb2D.cpp(270,1): error C2143: syntax error: missing ';' before '{'
C:\Users\tanyo\Y2S1_2DGAME_A02\NYP_Framework_Week16_SOLUTION\App\Source\Scene2D\Bomb2D.cpp(270,1): error C2447: '{': missing function header (old-style formal list?)
C:\Users\tanyo\Y2S1_2DGAME_A02\NYP_Framework_Week16_SOLUTION\App\Source\Scene2D\Bomb2D.cpp(318,41): error C2039: 'DIRECTION': is not a member of 'CPhysics2D'
C:\Users\tanyo\Y2S1_2DGAME_A02\NYP_Framework_Week16_SOLUTION\App\Source\Scene2D\Physics2D.h(12): message : see declaration of 'CPhysics2D'
C:\Users\tanyo\Y2S1_2DGAME_A02\NYP_Framework_Week16_SOLUTION\App\Source\Scene2D\Bomb2D.cpp(318,51): error C2065: 'DIRECTION': undeclared identifier
C:\Users\tanyo\Y2S1_2DGAME_A02\NYP_Framework_Week16_SOLUTION\App\Source\Scene2D\Bomb2D.cpp(318,51): error C2146: syntax error: missing ')' before identifier 'eDirection'
C:\Users\tanyo\Y2S1_2DGAME_A02\NYP_Framework_Week16_SOLUTION\App\Source\Scene2D\Bomb2D.cpp(319,1): error C2143: syntax error: missing ';' before '{'
C:\Users\tanyo\Y2S1_2DGAME_A02\NYP_Framework_Week16_SOLUTION\App\Source\Scene2D\Bomb2D.cpp(319,1): error C2447: '{': missing function header (old-style formal list?)
C:\Users\tanyo\Y2S1_2DGAME_A02\NYP_Framework_Week16_SOLUTION\App\Source\Scene2D\Bomb2D.cpp(406,9): error C2039: 'GetGravityDirection': is not a member of 'CPhysics2D'
C:\Users\tanyo\Y2S1_2DGAME_A02\NYP_Framework_Week16_SOLUTION\App\Source\Scene2D\Physics2D.h(12): message : see declaration of 'CPhysics2D'
C:\Users\tanyo\Y2S1_2DGAME_A02\NYP_Framework_Week16_SOLUTION\App\Source\Scene2D\Bomb2D.cpp(408,19): error C3083: 'GRAVITY_DIRECTION': the symbol to the left of a '::' must be a type
C:\Users\tanyo\Y2S1_2DGAME_A02\NYP_Framework_Week16_SOLUTION\App\Source\Scene2D\Bomb2D.cpp(408,38): error C2039: 'GRAVITY_DOWN': is not a member of 'CPhysics2D'
C:\Users\tanyo\Y2S1_2DGAME_A02\NYP_Framework_Week16_SOLUTION\App\Source\Scene2D\Physics2D.h(12): message : see declaration of 'CPhysics2D'
C:\Users\tanyo\Y2S1_2DGAME_A02\NYP_Framework_Week16_SOLUTION\App\Source\Scene2D\Bomb2D.cpp(408,50): error C2065: 'GRAVITY_DOWN': undeclared identifier
C:\Users\tanyo\Y2S1_2DGAME_A02\NYP_Framework_Week16_SOLUTION\App\Source\Scene2D\Bomb2D.cpp(412,19): error C3083: 'GRAVITY_DIRECTION': the symbol to the left of a '::' must be a type
C:\Users\tanyo\Y2S1_2DGAME_A02\NYP_Framework_Week16_SOLUTION\App\Source\Scene2D\Bomb2D.cpp(412,38): error C2039: 'GRAVITY_UP': is not a member of 'CPhysics2D'
C:\Users\tanyo\Y2S1_2DGAME_A02\NYP_Framework_Week16_SOLUTION\App\Source\Scene2D\Physics2D.h(12): message : see declaration of 'CPhysics2D'
C:\Users\tanyo\Y2S1_2DGAME_A02\NYP_Framework_Week16_SOLUTION\App\Source\Scene2D\Bomb2D.cpp(412,48): error C2065: 'GRAVITY_UP': undeclared identifier
C:\Users\tanyo\Y2S1_2DGAME_A02\NYP_Framework_Week16_SOLUTION\App\Source\Scene2D\Bomb2D.cpp(416,19): error C3083: 'GRAVITY_DIRECTION': the symbol to the left of a '::' must be a type
C:\Users\tanyo\Y2S1_2DGAME_A02\NYP_Framework_Week16_SOLUTION\App\Source\Scene2D\Bomb2D.cpp(416,38): error C2039: 'GRAVITY_LEFT': is not a member of 'CPhysics2D'
C:\Users\tanyo\Y2S1_2DGAME_A02\NYP_Framework_Week16_SOLUTION\App\Source\Scene2D\Physics2D.h(12): message : see declaration of 'CPhysics2D'
C:\Users\tanyo\Y2S1_2DGAME_A02\NYP_Framework_Week16_SOLUTION\App\Source\Scene2D\Bomb2D.cpp(416,50): error C2065: 'GRAVITY_LEFT': undeclared identifier
C:\Users\tanyo\Y2S1_2DGAME_A02\NYP_Framework_Week16_SOLUTION\App\Source\Scene2D\Bomb2D.cpp(420,19): error C3083: 'GRAVITY_DIRECTION': the symbol to the left of a '::' must be a type
C:\Users\tanyo\Y2S1_2DGAME_A02\NYP_Framework_Week16_SOLUTION\App\Source\Scene2D\Bomb2D.cpp(420,38): error C2039: 'GRAVITY_RIGHT': is not a member of 'CPhysics2D'
C:\Users\tanyo\Y2S1_2DGAME_A02\NYP_Framework_Week16_SOLUTION\App\Source\Scene2D\Physics2D.h(12): message : see declaration of 'CPhysics2D'
C:\Users\tanyo\Y2S1_2DGAME_A02\NYP_Framework_Week16_SOLUTION\App\Source\Scene2D\Bomb2D.cpp(420,51): error C2065: 'GRAVITY_RIGHT': undeclared identifier
C:\Users\tanyo\Y2S1_2DGAME_A02\NYP_Framework_Week16_SOLUTION\App\Source\Scene2D\Bomb2D.cpp(429,9): error C2039: 'GetGravityDirection': is not a member of 'CPhysics2D'
C:\Users\tanyo\Y2S1_2DGAME_A02\NYP_Framework_Week16_SOLUTION\App\Source\Scene2D\Physics2D.h(12): message : see declaration of 'CPhysics2D'
C:\Users\tanyo\Y2S1_2DGAME_A02\NYP_Framework_Week16_SOLUTION\App\Source\Scene2D\Bomb2D.cpp(431,19): error C3083: 'GRAVITY_DIRECTION': the symbol to the left of a '::' must be a type
C:\Users\tanyo\Y2S1_2DGAME_A02\NYP_Framework_Week16_SOLUTION\App\Source\Scene2D\Bomb2D.cpp(431,38): error C2039: 'GRAVITY_DOWN': is not a member of 'CPhysics2D'
C:\Users\tanyo\Y2S1_2DGAME_A02\NYP_Framework_Week16_SOLUTION\App\Source\Scene2D\Physics2D.h(12): message : see declaration of 'CPhysics2D'
C:\Users\tanyo\Y2S1_2DGAME_A02\NYP_Framework_Week16_SOLUTION\App\Source\Scene2D\Bomb2D.cpp(431,50): error C2065: 'GRAVITY_DOWN': undeclared identifier
C:\Users\tanyo\Y2S1_2DGAME_A02\NYP_Framework_Week16_SOLUTION\App\Source\Scene2D\Bomb2D.cpp(435,19): error C3083: 'GRAVITY_DIRECTION': the symbol to the left of a '::' must be a type
C:\Users\tanyo\Y2S1_2DGAME_A02\NYP_Framework_Week16_SOLUTION\App\Source\Scene2D\Bomb2D.cpp(435,38): error C2039: 'GRAVITY_UP': is not a member of 'CPhysics2D'
C:\Users\tanyo\Y2S1_2DGAME_A02\NYP_Framework_Week16_SOLUTION\App\Source\Scene2D\Physics2D.h(12): message : see declaration of 'CPhysics2D'
C:\Users\tanyo\Y2S1_2DGAME_A02\NYP_Framework_Week16_SOLUTION\App\Source\Scene2D\Bomb2D.cpp(435,48): error C2065: 'GRAVITY_UP': undeclared identifier
C:\Users\tanyo\Y2S1_2DGAME_A02\NYP_Framework_Week16_SOLUTION\App\Source\Scene2D\Bomb2D.cpp(439,19): error C3083: 'GRAVITY_DIRECTION': the symbol to the left of a '::' must be a type
C:\Users\tanyo\Y2S1_2DGAME_A02\NYP_Framework_Week16_SOLUTION\App\Source\Scene2D\Bomb2D.cpp(439,38): error C2039: 'GRAVITY_LEFT': is not a member of 'CPhysics2D'
C:\Users\tanyo\Y2S1_2DGAME_A02\NYP_Framework_Week16_SOLUTION\App\Source\Scene2D\Physics2D.h(12): message : see declaration of 'CPhysics2D'
C:\Users\tanyo\Y2S1_2DGAME_A02\NYP_Framework_Week16_SOLUTION\App\Source\Scene2D\Bomb2D.cpp(439,50): error C2065: 'GRAVITY_LEFT': undeclared identifier
C:\Users\tanyo\Y2S1_2DGAME_A02\NYP_Framework_Week16_SOLUTION\App\Source\Scene2D\Bomb2D.cpp(443,19): error C3083: 'GRAVITY_DIRECTION': the symbol to the left of a '::' must be a type
C:\Users\tanyo\Y2S1_2DGAME_A02\NYP_Framework_Week16_SOLUTION\App\Source\Scene2D\Bomb2D.cpp(443,38): error C2039: 'GRAVITY_RIGHT': is not a member of 'CPhysics2D'
C:\Users\tanyo\Y2S1_2DGAME_A02\NYP_Framework_Week16_SOLUTION\App\Source\Scene2D\Physics2D.h(12): message : see declaration of 'CPhysics2D'
C:\Users\tanyo\Y2S1_2DGAME_A02\NYP_Framework_Week16_SOLUTION\App\Source\Scene2D\Bomb2D.cpp(443,51): error C2065: 'GRAVITY_RIGHT': undeclared identifier
C:\Users\tanyo\Y2S1_2DGAME_A02\NYP_Framework_Week16_SOLUTION\App\Source\Scene2D\Bomb2D.cpp(459,57): error C2039: 'GetRelativeDirVector': is not a member of 'CPhysics2D'
C:\Users\tanyo\Y2S1_2DGAME_A02\NYP_Framework_Week16_SOLUTION\App\Source\Scene2D\Physics2D.h(12): message : see declaration of 'CPhysics2D'
C:\Users\tanyo\Y2S1_2DGAME_A02\NYP_Framework_Week16_SOLUTION\App\Source\Scene2D\Bomb2D.cpp(459,70): error C3083: 'DIRECTION': the symbol to the left of a '::' must be a type
C:\Users\tanyo\Y2S1_2DGAME_A02\NYP_Framework_Week16_SOLUTION\App\Source\Scene2D\Bomb2D.cpp(459,81): error C2039: 'DOWN': is not a member of 'CPhysics2D'
C:\Users\tanyo\Y2S1_2DGAME_A02\NYP_Framework_Week16_SOLUTION\App\Source\Scene2D\Physics2D.h(12): message : see declaration of 'CPhysics2D'
C:\Users\tanyo\Y2S1_2DGAME_A02\NYP_Framework_Week16_SOLUTION\App\Source\Scene2D\Bomb2D.cpp(459,85): error C2065: 'DOWN': undeclared identifier
C:\Users\tanyo\Y2S1_2DGAME_A02\NYP_Framework_Week16_SOLUTION\App\Source\Scene2D\Bomb2D.cpp(462,70): warning C4244: 'argument': conversion from 'T' to 'const unsigned int', possible loss of data
          with
          [
              T=float
          ]
C:\Users\tanyo\Y2S1_2DGAME_A02\NYP_Framework_Week16_SOLUTION\App\Source\Scene2D\Bomb2D.cpp(462,38): warning C4244: 'argument': conversion from 'T' to 'const unsigned int', possible loss of data
          with
          [
              T=float
          ]
C:\Users\tanyo\Y2S1_2DGAME_A02\NYP_Framework_Week16_SOLUTION\App\Source\Scene2D\Bomb2D.cpp(571,6): error C2065: 'dead': undeclared identifier
C:\Users\tanyo\Y2S1_2DGAME_A02\NYP_Framework_Week16_SOLUTION\App\Source\Scene2D\Bomb2D.cpp(575,19): error C3083: 'TILE_ID': the symbol to the left of a '::' must be a type
C:\Users\tanyo\Y2S1_2DGAME_A02\NYP_Framework_Week16_SOLUTION\App\Source\Scene2D\Bomb2D.cpp(575,28): error C2039: 'INTERACTABLES_END': is not a member of 'CMap2D'
C:\Users\tanyo\Y2S1_2DGAME_A02\NYP_Framework_Week16_SOLUTION\App\Source\Scene2D\Map2D.h(74): message : see declaration of 'CMap2D'
C:\Users\tanyo\Y2S1_2DGAME_A02\NYP_Framework_Week16_SOLUTION\App\Source\Scene2D\Bomb2D.cpp(575,5): error C2065: 'INTERACTABLES_END': undeclared identifier
C:\Users\tanyo\Y2S1_2DGAME_A02\NYP_Framework_Week16_SOLUTION\App\Source\Scene2D\Bomb2D.cpp(575,62): error C3083: 'TILE_ID': the symbol to the left of a '::' must be a type
C:\Users\tanyo\Y2S1_2DGAME_A02\NYP_Framework_Week16_SOLUTION\App\Source\Scene2D\Bomb2D.cpp(575,71): error C2039: 'BLOCK_END': is not a member of 'CMap2D'
C:\Users\tanyo\Y2S1_2DGAME_A02\NYP_Framework_Week16_SOLUTION\App\Source\Scene2D\Map2D.h(74): message : see declaration of 'CMap2D'
C:\Users\tanyo\Y2S1_2DGAME_A02\NYP_Framework_Week16_SOLUTION\App\Source\Scene2D\Bomb2D.cpp(575,80): error C2065: 'BLOCK_END': undeclared identifier
C:\Users\tanyo\Y2S1_2DGAME_A02\NYP_Framework_Week16_SOLUTION\App\Source\Scene2D\Bomb2D.cpp(575,80): fatal error C1003: error count exceeds 100; stopping compilation
  Enemy2D.cpp
C:\Users\tanyo\Y2S1_2DGAME_A02\NYP_Framework_Week16_SOLUTION\App\Source\Scene2D\Enemy2D.cpp(57,2): error C2065: 'name': undeclared identifier
C:\Users\tanyo\Y2S1_2DGAME_A02\NYP_Framework_Week16_SOLUTION\App\Source\Scene2D\Enemy2D.cpp(62,5): error C2039: 'name': is not a member of 'CEntity2D'
C:\Users\tanyo\Y2S1_2DGAME_A02\NYP_Framework_Week16_SOLUTION\Library\Source\Primitives\Entity2D.h(27): message : see declaration of 'CEntity2D'
C:\Users\tanyo\Y2S1_2DGAME_A02\NYP_Framework_Week16_SOLUTION\App\Source\Scene2D\Enemy2D.cpp(68,16): error C2039: 'dead': is not a member of 'CEntity2D'
C:\Users\tanyo\Y2S1_2DGAME_A02\NYP_Framework_Week16_SOLUTION\Library\Source\Primitives\Entity2D.h(27): message : see declaration of 'CEntity2D'
C:\Users\tanyo\Y2S1_2DGAME_A02\NYP_Framework_Week16_SOLUTION\App\Source\Scene2D\Enemy2D.cpp(71,15): error C2039: 'dead': is not a member of 'CEnemy2D'
C:\Users\tanyo\Y2S1_2DGAME_A02\NYP_Framework_Week16_SOLUTION\App\Source\Scene2D\Enemy2D.h(43): message : see declaration of 'CEnemy2D'
C:\Users\tanyo\Y2S1_2DGAME_A02\NYP_Framework_Week16_SOLUTION\App\Source\Scene2D\Enemy2D.cpp(541,22): warning C4018: '>=': signed/unsigned mismatch
C:\Users\tanyo\Y2S1_2DGAME_A02\NYP_Framework_Week16_SOLUTION\App\Source\Scene2D\Enemy2D.cpp(571,22): warning C4018: '>=': signed/unsigned mismatch
C:\Users\tanyo\Y2S1_2DGAME_A02\NYP_Framework_Week16_SOLUTION\App\Source\Scene2D\Enemy2D.cpp(665,66): warning C4244: '-=': conversion from 'float' to 'T', possible loss of data
          with
          [
              T=glm::i32
          ]
C:\Users\tanyo\Y2S1_2DGAME_A02\NYP_Framework_Week16_SOLUTION\App\Source\Scene2D\Enemy2D.cpp(718,60): warning C4244: '-=': conversion from 'double' to 'T', possible loss of data
          with
          [
              T=glm::i32
          ]
  EntityManager.cpp
C:\Users\tanyo\Y2S1_2DGAME_A02\NYP_Framework_Week16_SOLUTION\App\Source\Scene2D\EntityManager.cpp(18,10): fatal error C1083: Cannot open include file: 'System/MyMath.h': No such file or directory
  Scene2D.cpp
C:\Users\tanyo\Y2S1_2DGAME_A02\NYP_Framework_Week16_SOLUTION\App\Source\Scene2D\Scene2D.cpp(50,20): warning C4018: '<': signed/unsigned mismatch
C:\Users\tanyo\Y2S1_2DGAME_A02\NYP_Framework_Week16_SOLUTION\App\Source\Scene2D\Scene2D.cpp(132,6): error C2660: 'CEnemy2D::Init': function does not take 0 arguments
C:\Users\tanyo\Y2S1_2DGAME_A02\NYP_Framework_Week16_SOLUTION\App\Source\Scene2D\Enemy2D.h(59,7): message : see declaration of 'CEnemy2D::Init'
C:\Users\tanyo\Y2S1_2DGAME_A02\NYP_Framework_Week16_SOLUTION\App\Source\Scene2D\Scene2D.cpp(178,20): warning C4018: '<': signed/unsigned mismatch
C:\Users\tanyo\Y2S1_2DGAME_A02\NYP_Framework_Week16_SOLUTION\App\Source\Scene2D\Scene2D.cpp(251,20): warning C4018: '<': signed/unsigned mismatch
  Generating Code...
