  Settings.cpp
  imgui_impl_glfw.cpp
  imgui_impl_opengl3.cpp
  GUI.cpp
  imgui.cpp
  imgui_demo.cpp
  imgui_draw.cpp
  imgui_tables.cpp
  imgui_widgets.cpp
  KeyboardController.cpp
  MouseController.cpp
  Collider.cpp
  Entity2D.cpp
  Entity3D.cpp
  LevelOfDetails.cpp
  Mesh.cpp
  MeshBuilder.cpp
  SpriteAnimation.cpp
C:\Users\tanyo\Y2S1_2DGAME_A02\NYP_Framework_Week16_SOLUTION\Library\Source\Primitives\SpriteAnimation.cpp(75,62): warning C4244: 'argument': conversion from 'double' to 'const unsigned int', possible loss of data
  ShaderManager.cpp
  TextRenderer.cpp
  Generating Code...
  Compiling...
  ScriptManager.cpp
  CSVReader.cpp
  CSVWriter.cpp
  ImageLoader.cpp
  LoadOBJ.cpp
  FPSCounter.cpp
  StopWatch.cpp
  Generating Code...
  Library.vcxproj -> C:\Users\tanyo\Y2S1_2DGAME_A02\NYP_Framework_Week16_SOLUTION\Debug\Library.lib
