c:\users\tanyo\y2s1_2dgame_a02\nyp_framework_week16_solution\library\debug\library.pdb
c:\users\tanyo\y2s1_2dgame_a02\nyp_framework_week16_solution\library\debug\library.idb
c:\users\tanyo\y2s1_2dgame_a02\nyp_framework_week16_solution\library\debug\textrenderer.obj
c:\users\tanyo\y2s1_2dgame_a02\nyp_framework_week16_solution\library\debug\shadermanager.obj
c:\users\tanyo\y2s1_2dgame_a02\nyp_framework_week16_solution\library\debug\spriteanimation.obj
c:\users\tanyo\y2s1_2dgame_a02\nyp_framework_week16_solution\library\debug\meshbuilder.obj
c:\users\tanyo\y2s1_2dgame_a02\nyp_framework_week16_solution\library\debug\mesh.obj
c:\users\tanyo\y2s1_2dgame_a02\nyp_framework_week16_solution\library\debug\levelofdetails.obj
c:\users\tanyo\y2s1_2dgame_a02\nyp_framework_week16_solution\library\debug\entity3d.obj
c:\users\tanyo\y2s1_2dgame_a02\nyp_framework_week16_solution\library\debug\entity2d.obj
c:\users\tanyo\y2s1_2dgame_a02\nyp_framework_week16_solution\library\debug\collider.obj
c:\users\tanyo\y2s1_2dgame_a02\nyp_framework_week16_solution\library\debug\mousecontroller.obj
c:\users\tanyo\y2s1_2dgame_a02\nyp_framework_week16_solution\library\debug\keyboardcontroller.obj
c:\users\tanyo\y2s1_2dgame_a02\nyp_framework_week16_solution\library\debug\imgui_widgets.obj
c:\users\tanyo\y2s1_2dgame_a02\nyp_framework_week16_solution\library\debug\imgui_tables.obj
c:\users\tanyo\y2s1_2dgame_a02\nyp_framework_week16_solution\library\debug\imgui_draw.obj
c:\users\tanyo\y2s1_2dgame_a02\nyp_framework_week16_solution\library\debug\imgui_demo.obj
c:\users\tanyo\y2s1_2dgame_a02\nyp_framework_week16_solution\library\debug\imgui.obj
c:\users\tanyo\y2s1_2dgame_a02\nyp_framework_week16_solution\library\debug\gui.obj
c:\users\tanyo\y2s1_2dgame_a02\nyp_framework_week16_solution\library\debug\imgui_impl_opengl3.obj
c:\users\tanyo\y2s1_2dgame_a02\nyp_framework_week16_solution\library\debug\imgui_impl_glfw.obj
c:\users\tanyo\y2s1_2dgame_a02\nyp_framework_week16_solution\library\debug\settings.obj
c:\users\tanyo\y2s1_2dgame_a02\nyp_framework_week16_solution\library\debug\stopwatch.obj
c:\users\tanyo\y2s1_2dgame_a02\nyp_framework_week16_solution\library\debug\fpscounter.obj
c:\users\tanyo\y2s1_2dgame_a02\nyp_framework_week16_solution\library\debug\loadobj.obj
c:\users\tanyo\y2s1_2dgame_a02\nyp_framework_week16_solution\library\debug\imageloader.obj
c:\users\tanyo\y2s1_2dgame_a02\nyp_framework_week16_solution\library\debug\csvwriter.obj
c:\users\tanyo\y2s1_2dgame_a02\nyp_framework_week16_solution\library\debug\csvreader.obj
c:\users\tanyo\y2s1_2dgame_a02\nyp_framework_week16_solution\library\debug\scriptmanager.obj
c:\users\tanyo\y2s1_2dgame_a02\nyp_framework_week16_solution\debug\library.lib
c:\users\tanyo\y2s1_2dgame_a02\nyp_framework_week16_solution\library\debug\library.tlog\cl.command.1.tlog
c:\users\tanyo\y2s1_2dgame_a02\nyp_framework_week16_solution\library\debug\library.tlog\cl.read.1.tlog
c:\users\tanyo\y2s1_2dgame_a02\nyp_framework_week16_solution\library\debug\library.tlog\cl.write.1.tlog
c:\users\tanyo\y2s1_2dgame_a02\nyp_framework_week16_solution\library\debug\library.tlog\lib-link.read.1.tlog
c:\users\tanyo\y2s1_2dgame_a02\nyp_framework_week16_solution\library\debug\library.tlog\lib-link.write.1.tlog
c:\users\tanyo\y2s1_2dgame_a02\nyp_framework_week16_solution\library\debug\library.tlog\lib.command.1.tlog
